
ROM used:   1137/8192 (14%)
            1137/8192 (14%) including unused fragments

            0.4 Average locations per line
            2.6 Average locations per statement

RAM used:   53/368 (14%) at main() level
            72/368 (20%) worst case

Stack used: 1 worst case (0 in main + 1 for interrupts)
Stack size: 8

Lines Stmts  %   Files
----- ----- ---  -----
  280   173  40  main.c
  661     0   0  ..\..\..\..\..\..\..\..\..\Program Files (x86)\PICC\Devices\16f877A.h
 2229   257  60  ..\..\..\..\..\..\..\..\..\Program Files (x86)\PICC\Drivers\math.h
----- -----
 3170   430 Total

Page ROM  %  RAM   Vol Diff  Functions:
---- --- --- ---   --- ----  ----------
0     21   2    1             @delay_ms1
0     20   2    1             @delay_us1
0    488  43    1  2136  5.4  MAIN
0     39   3    5             @DIV1616
0    499  44    2  2995  4.4  seri_data_geldi
0     21   2    5             @MUL1616
 Inline         0             @cinit1

Program metrics:
    Functions               2
    Statements              430
    Comments                384
    Volume (V)              5833
    Difficulty (D)          9.7
    Effort to implement (E) 56665
    Time to implement (T)   52 minutes
    Est Delivered Bugs (B)  0
    Cyclomatic Complexity   34
    Maintainability (MI)    64

 Segment     Used  Free
-----------  ----  ----
00000-00003     4  0  
00004-00030    45  0  
00031-007FF  1088  911  
00800-00FFF     0  2048  
01000-017FF     0  2048  
01800-01FFF     0  2048  



